Running from: /home/kunal/Desktop/DEV-OPS/JENKINS/jenkins.war
webroot: $user.home/.jenkins
2021-12-30 13:31:49.649+0000 [id=1]	INFO	org.eclipse.jetty.util.log.Log#initialized: Logging initialized @566ms to org.eclipse.jetty.util.log.JavaUtilLog
2021-12-30 13:31:49.719+0000 [id=1]	INFO	winstone.Logger#logInternal: Beginning extraction from war file
2021-12-30 13:31:50.768+0000 [id=1]	WARNING	o.e.j.s.handler.ContextHandler#setContextPath: Empty contextPath
2021-12-30 13:31:50.814+0000 [id=1]	INFO	org.eclipse.jetty.server.Server#doStart: jetty-9.4.43.v20210629; built: 2021-06-30T11:07:22.254Z; git: 526006ecfa3af7f1a27ef3a288e2bef7ea9dd7e8; jvm 11.0.13+8-Ubuntu-0ubuntu1.20.04
2021-12-30 13:31:51.007+0000 [id=1]	INFO	o.e.j.w.StandardDescriptorProcessor#visitServlet: NO JSP Support for /, did not find org.eclipse.jetty.jsp.JettyJspServlet
2021-12-30 13:31:51.040+0000 [id=1]	INFO	o.e.j.s.s.DefaultSessionIdManager#doStart: DefaultSessionIdManager workerName=node0
2021-12-30 13:31:51.040+0000 [id=1]	INFO	o.e.j.s.s.DefaultSessionIdManager#doStart: No SessionScavenger set, using defaults
2021-12-30 13:31:51.041+0000 [id=1]	INFO	o.e.j.server.session.HouseKeeper#startScavenging: node0 Scavenging every 600000ms
2021-12-30 13:31:51.399+0000 [id=1]	INFO	hudson.WebAppMain#contextInitialized: Jenkins home directory: /home/kunal/.jenkins found at: $user.home/.jenkins
2021-12-30 13:31:51.595+0000 [id=1]	INFO	o.e.j.s.handler.ContextHandler#doStart: Started w.@73ad4ecc{Jenkins v2.325,/,file:///home/kunal/.jenkins/war/,AVAILABLE}{/home/kunal/.jenkins/war}
2021-12-30 13:31:51.621+0000 [id=1]	INFO	o.e.j.server.AbstractConnector#doStart: Started ServerConnector@5d066c7d{HTTP/1.1, (http/1.1)}{0.0.0.0:9090}
2021-12-30 13:31:51.621+0000 [id=1]	INFO	org.eclipse.jetty.server.Server#doStart: Started @2539ms
2021-12-30 13:31:51.622+0000 [id=25]	INFO	winstone.Logger#logInternal: Winstone Servlet Engine running: controlPort=disabled
2021-12-30 13:31:51.960+0000 [id=32]	INFO	jenkins.InitReactorRunner$1#onAttained: Started initialization
2021-12-30 13:31:51.986+0000 [id=52]	INFO	jenkins.InitReactorRunner$1#onAttained: Listed all plugins
2021-12-30 13:31:52.793+0000 [id=52]	INFO	jenkins.InitReactorRunner$1#onAttained: Prepared all plugins
2021-12-30 13:31:52.799+0000 [id=38]	INFO	jenkins.InitReactorRunner$1#onAttained: Started all plugins
2021-12-30 13:31:52.807+0000 [id=48]	INFO	jenkins.InitReactorRunner$1#onAttained: Augmented all extensions
2021-12-30 13:31:53.416+0000 [id=52]	INFO	jenkins.InitReactorRunner$1#onAttained: System config loaded
2021-12-30 13:31:53.417+0000 [id=30]	INFO	jenkins.InitReactorRunner$1#onAttained: System config adapted
2021-12-30 13:31:53.418+0000 [id=49]	INFO	jenkins.InitReactorRunner$1#onAttained: Loaded all jobs
2021-12-30 13:31:53.420+0000 [id=36]	INFO	jenkins.InitReactorRunner$1#onAttained: Configuration for all jobs updated
2021-12-30 13:31:53.433+0000 [id=66]	INFO	hudson.model.AsyncPeriodicWork#lambda$doRun$1: Started Download metadata
2021-12-30 13:31:53.442+0000 [id=66]	INFO	hudson.util.Retrier#start: Attempt #1 to do the action check updates server
WARNING: An illegal reflective access operation has occurred
WARNING: Illegal reflective access by org.codehaus.groovy.reflection.CachedClass (file:/home/kunal/.jenkins/war/WEB-INF/lib/groovy-all-2.4.12.jar) to method java.lang.Object.finalize()
WARNING: Please consider reporting this to the maintainers of org.codehaus.groovy.reflection.CachedClass
WARNING: Use --illegal-access=warn to enable warnings of further illegal reflective access operations
WARNING: All illegal access operations will be denied in a future release
2021-12-30 13:31:53.985+0000 [id=31]	INFO	jenkins.install.SetupWizard#init: 

*************************************************************
*************************************************************
*************************************************************

Jenkins initial setup is required. An admin user has been created and a password generated.
Please use the following password to proceed to installation:

a53148c3e18f402ab20bcca22b425f1a

This may also be found at: /home/kunal/.jenkins/secrets/initialAdminPassword

*************************************************************
*************************************************************
*************************************************************

2021-12-30 13:32:20.137+0000 [id=31]	INFO	jenkins.InitReactorRunner$1#onAttained: Completed initialization
2021-12-30 13:32:20.190+0000 [id=24]	INFO	hudson.WebAppMain$3#run: Jenkins is fully up and running
2021-12-30 13:32:21.498+0000 [id=66]	INFO	h.m.DownloadService$Downloadable#load: Obtained the updated data file for hudson.tasks.Maven.MavenInstaller
2021-12-30 13:32:21.499+0000 [id=66]	INFO	hudson.util.Retrier#start: Performed the action check updates server successfully at the attempt #1
2021-12-30 13:32:21.502+0000 [id=66]	INFO	hudson.model.AsyncPeriodicWork#lambda$doRun$1: Finished Download metadata. 28,068 ms
2021-12-30 13:36:47.902+0000 [id=89]	INFO	hudson.PluginManager#install: Starting installation of a batch of 19 plugins plus their dependencies
2021-12-30 13:36:47.905+0000 [id=89]	INFO	hudson.model.UpdateSite$Plugin#deploy: Adding dependent install of sshd for plugin cloudbees-folder
2021-12-30 13:36:47.908+0000 [id=100]	INFO	h.model.UpdateCenter$DownloadJob#run: Starting the installation of sshd on behalf of admin
2021-12-30 13:36:47.911+0000 [id=89]	INFO	hudson.model.UpdateSite$Plugin#deploy: Adding dependent install of token-macro for plugin build-timeout
2021-12-30 13:36:47.912+0000 [id=100]	INFO	h.m.UpdateCenter$UpdateCenterConfiguration#download: Downloading sshd
2021-12-30 13:36:47.913+0000 [id=89]	INFO	hudson.model.UpdateSite$Plugin#deploy: Adding dependent install of structs for plugin token-macro
2021-12-30 13:36:47.915+0000 [id=89]	INFO	hudson.model.UpdateSite$Plugin#deploy: Adding dependent install of workflow-step-api for plugin token-macro
2021-12-30 13:36:47.919+0000 [id=89]	INFO	hudson.model.UpdateSite$Plugin#deploy: Adding dependent install of plain-credentials for plugin credentials-binding
2021-12-30 13:36:47.920+0000 [id=89]	INFO	hudson.model.UpdateSite$Plugin#deploy: Adding dependent install of jaxb for plugin plain-credentials
2021-12-30 13:36:47.921+0000 [id=89]	INFO	hudson.model.UpdateSite$Plugin#deploy: Adding dependent install of trilead-api for plugin jaxb
2021-12-30 13:36:47.922+0000 [id=89]	INFO	hudson.model.UpdateSite$Plugin#deploy: Adding dependent install of credentials for plugin plain-credentials
2021-12-30 13:36:47.923+0000 [id=89]	INFO	hudson.model.UpdateSite$Plugin#deploy: Adding dependent install of ssh-credentials for plugin credentials-binding
2021-12-30 13:36:47.925+0000 [id=89]	INFO	hudson.model.UpdateSite$Plugin#deploy: Adding dependent install of workflow-api for plugin timestamper
2021-12-30 13:36:47.926+0000 [id=89]	INFO	hudson.model.UpdateSite$Plugin#deploy: Adding dependent install of scm-api for plugin workflow-api
2021-12-30 13:36:47.928+0000 [id=89]	INFO	hudson.model.UpdateSite$Plugin#deploy: Adding dependent install of matrix-project for plugin ws-cleanup
2021-12-30 13:36:47.929+0000 [id=89]	INFO	hudson.model.UpdateSite$Plugin#deploy: Adding dependent install of script-security for plugin matrix-project
2021-12-30 13:36:47.930+0000 [id=89]	INFO	hudson.model.UpdateSite$Plugin#deploy: Adding dependent install of caffeine-api for plugin script-security
2021-12-30 13:36:47.931+0000 [id=89]	INFO	hudson.model.UpdateSite$Plugin#deploy: Adding dependent install of junit for plugin matrix-project
2021-12-30 13:36:47.932+0000 [id=89]	INFO	hudson.model.UpdateSite$Plugin#deploy: Adding dependent install of bootstrap4-api for plugin junit
2021-12-30 13:36:47.933+0000 [id=89]	INFO	hudson.model.UpdateSite$Plugin#deploy: Adding dependent install of font-awesome-api for plugin bootstrap4-api
2021-12-30 13:36:47.934+0000 [id=89]	INFO	hudson.model.UpdateSite$Plugin#deploy: Adding dependent install of plugin-util-api for plugin font-awesome-api
2021-12-30 13:36:47.935+0000 [id=89]	INFO	hudson.model.UpdateSite$Plugin#deploy: Adding dependent install of popper-api for plugin bootstrap4-api
2021-12-30 13:36:47.936+0000 [id=89]	INFO	hudson.model.UpdateSite$Plugin#deploy: Adding dependent install of jquery3-api for plugin bootstrap4-api
2021-12-30 13:36:47.937+0000 [id=89]	INFO	hudson.model.UpdateSite$Plugin#deploy: Adding dependent install of jackson2-api for plugin junit
2021-12-30 13:36:47.938+0000 [id=89]	INFO	hudson.model.UpdateSite$Plugin#deploy: Adding dependent install of snakeyaml-api for plugin jackson2-api
2021-12-30 13:36:47.939+0000 [id=89]	INFO	hudson.model.UpdateSite$Plugin#deploy: Adding dependent install of echarts-api for plugin junit
2021-12-30 13:36:47.940+0000 [id=89]	INFO	hudson.model.UpdateSite$Plugin#deploy: Adding dependent install of bootstrap5-api for plugin echarts-api
2021-12-30 13:36:47.941+0000 [id=89]	INFO	hudson.model.UpdateSite$Plugin#deploy: Adding dependent install of popper2-api for plugin bootstrap5-api
2021-12-30 13:36:47.942+0000 [id=89]	INFO	hudson.model.UpdateSite$Plugin#deploy: Adding dependent install of display-url-api for plugin junit
2021-12-30 13:36:47.942+0000 [id=89]	INFO	hudson.model.UpdateSite$Plugin#deploy: Adding dependent install of checks-api for plugin junit
2021-12-30 13:36:47.943+0000 [id=89]	INFO	hudson.model.UpdateSite$Plugin#deploy: Adding dependent install of workflow-support for plugin checks-api
2021-12-30 13:36:47.944+0000 [id=89]	INFO	hudson.model.UpdateSite$Plugin#deploy: Adding dependent install of resource-disposer for plugin ws-cleanup
2021-12-30 13:36:47.945+0000 [id=89]	INFO	hudson.model.UpdateSite$Plugin#deploy: Adding dependent install of workflow-durable-task-step for plugin gradle
2021-12-30 13:36:47.946+0000 [id=89]	INFO	hudson.model.UpdateSite$Plugin#deploy: Adding dependent install of durable-task for plugin workflow-durable-task-step
2021-12-30 13:36:47.947+0000 [id=89]	INFO	hudson.model.UpdateSite$Plugin#deploy: Adding dependent install of workflow-cps for plugin gradle
2021-12-30 13:36:47.948+0000 [id=89]	INFO	hudson.model.UpdateSite$Plugin#deploy: Adding dependent install of ace-editor for plugin workflow-cps
2021-12-30 13:36:47.949+0000 [id=89]	INFO	hudson.model.UpdateSite$Plugin#deploy: Adding dependent install of command-launcher for plugin ace-editor
2021-12-30 13:36:47.949+0000 [id=89]	INFO	hudson.model.UpdateSite$Plugin#deploy: Adding dependent install of jdk-tool for plugin ace-editor
2021-12-30 13:36:47.950+0000 [id=89]	INFO	hudson.model.UpdateSite$Plugin#deploy: Adding dependent install of bouncycastle-api for plugin ace-editor
2021-12-30 13:36:47.950+0000 [id=89]	INFO	hudson.model.UpdateSite$Plugin#deploy: Adding dependent install of workflow-scm-step for plugin workflow-cps
2021-12-30 13:36:47.950+0000 [id=89]	INFO	hudson.model.UpdateSite$Plugin#deploy: Adding dependent install of workflow-job for plugin gradle
2021-12-30 13:36:47.951+0000 [id=89]	INFO	hudson.model.UpdateSite$Plugin#deploy: Adding dependent install of workflow-basic-steps for plugin gradle
2021-12-30 13:36:47.951+0000 [id=89]	INFO	hudson.model.UpdateSite$Plugin#deploy: Adding dependent install of apache-httpcomponents-client-4-api for plugin workflow-basic-steps
2021-12-30 13:36:47.952+0000 [id=89]	INFO	hudson.model.UpdateSite$Plugin#deploy: Adding dependent install of mailer for plugin workflow-basic-steps
2021-12-30 13:36:47.954+0000 [id=89]	INFO	hudson.model.UpdateSite$Plugin#deploy: Adding dependent install of pipeline-milestone-step for plugin workflow-aggregator
2021-12-30 13:36:47.955+0000 [id=89]	INFO	hudson.model.UpdateSite$Plugin#deploy: Adding dependent install of pipeline-stage-view for plugin workflow-aggregator
2021-12-30 13:36:47.956+0000 [id=89]	INFO	hudson.model.UpdateSite$Plugin#deploy: Adding dependent install of pipeline-rest-api for plugin pipeline-stage-view
2021-12-30 13:36:47.957+0000 [id=89]	INFO	hudson.model.UpdateSite$Plugin#deploy: Adding dependent install of pipeline-graph-analysis for plugin pipeline-rest-api
2021-12-30 13:36:47.957+0000 [id=89]	INFO	hudson.model.UpdateSite$Plugin#deploy: Adding dependent install of pipeline-input-step for plugin pipeline-graph-analysis
2021-12-30 13:36:47.958+0000 [id=89]	INFO	hudson.model.UpdateSite$Plugin#deploy: Adding dependent install of pipeline-stage-step for plugin pipeline-graph-analysis
2021-12-30 13:36:47.958+0000 [id=89]	INFO	hudson.model.UpdateSite$Plugin#deploy: Adding dependent install of handlebars for plugin pipeline-stage-view
2021-12-30 13:36:47.959+0000 [id=89]	INFO	hudson.model.UpdateSite$Plugin#deploy: Adding dependent install of momentjs for plugin pipeline-stage-view
2021-12-30 13:36:47.959+0000 [id=89]	INFO	hudson.model.UpdateSite$Plugin#deploy: Adding dependent install of pipeline-build-step for plugin workflow-aggregator
2021-12-30 13:36:47.960+0000 [id=89]	INFO	hudson.model.UpdateSite$Plugin#deploy: Adding dependent install of pipeline-model-definition for plugin workflow-aggregator
2021-12-30 13:36:47.960+0000 [id=89]	INFO	hudson.model.UpdateSite$Plugin#deploy: Adding dependent install of pipeline-model-extensions for plugin pipeline-model-definition
2021-12-30 13:36:47.961+0000 [id=89]	INFO	hudson.model.UpdateSite$Plugin#deploy: Adding dependent install of pipeline-model-api for plugin pipeline-model-extensions
2021-12-30 13:36:47.961+0000 [id=89]	INFO	hudson.model.UpdateSite$Plugin#deploy: Adding dependent install of workflow-cps-global-lib for plugin pipeline-model-definition
2021-12-30 13:36:47.962+0000 [id=89]	INFO	hudson.model.UpdateSite$Plugin#deploy: Adding dependent install of git-server for plugin workflow-cps-global-lib
2021-12-30 13:36:47.963+0000 [id=89]	INFO	hudson.model.UpdateSite$Plugin#deploy: Adding dependent install of git-client for plugin git-server
2021-12-30 13:36:47.963+0000 [id=89]	INFO	hudson.model.UpdateSite$Plugin#deploy: Adding dependent install of jsch for plugin git-client
2021-12-30 13:36:47.964+0000 [id=89]	INFO	hudson.model.UpdateSite$Plugin#deploy: Adding dependent install of workflow-multibranch for plugin pipeline-model-definition
2021-12-30 13:36:47.965+0000 [id=89]	INFO	hudson.model.UpdateSite$Plugin#deploy: Adding dependent install of branch-api for plugin workflow-multibranch
2021-12-30 13:36:47.965+0000 [id=89]	INFO	hudson.model.UpdateSite$Plugin#deploy: Adding dependent install of pipeline-stage-tags-metadata for plugin pipeline-model-definition
2021-12-30 13:36:47.966+0000 [id=89]	INFO	hudson.model.UpdateSite$Plugin#deploy: Adding dependent install of lockable-resources for plugin workflow-aggregator
2021-12-30 13:36:47.967+0000 [id=89]	INFO	hudson.model.UpdateSite$Plugin#deploy: Adding dependent install of jjwt-api for plugin github-branch-source
2021-12-30 13:36:47.968+0000 [id=89]	INFO	hudson.model.UpdateSite$Plugin#deploy: Adding dependent install of github-api for plugin github-branch-source
2021-12-30 13:36:47.969+0000 [id=89]	INFO	hudson.model.UpdateSite$Plugin#deploy: Adding dependent install of okhttp-api for plugin github-api
2021-12-30 13:36:47.969+0000 [id=89]	INFO	hudson.model.UpdateSite$Plugin#deploy: Adding dependent install of github for plugin github-branch-source
2021-12-30 13:36:47.969+0000 [id=89]	INFO	hudson.model.UpdateSite$Plugin#deploy: Adding dependent install of git for plugin github
2021-12-30 13:36:55.466+0000 [id=100]	INFO	h.model.UpdateCenter$DownloadJob#run: Installation successful: sshd
2021-12-30 13:36:55.466+0000 [id=100]	INFO	h.model.UpdateCenter$DownloadJob#run: Starting the installation of cloudbees-folder on behalf of admin
2021-12-30 13:36:55.467+0000 [id=100]	INFO	h.m.UpdateCenter$UpdateCenterConfiguration#download: Downloading cloudbees-folder
2021-12-30 13:36:59.177+0000 [id=100]	INFO	h.model.UpdateCenter$DownloadJob#run: Installation successful: cloudbees-folder
2021-12-30 13:36:59.177+0000 [id=100]	INFO	h.model.UpdateCenter$DownloadJob#run: Starting the installation of antisamy-markup-formatter on behalf of admin
2021-12-30 13:36:59.177+0000 [id=100]	INFO	h.m.UpdateCenter$UpdateCenterConfiguration#download: Downloading antisamy-markup-formatter
2021-12-30 13:37:01.684+0000 [id=100]	INFO	h.model.UpdateCenter$DownloadJob#run: Installation successful: antisamy-markup-formatter
2021-12-30 13:37:01.684+0000 [id=100]	INFO	h.model.UpdateCenter$DownloadJob#run: Starting the installation of structs on behalf of admin
2021-12-30 13:37:01.684+0000 [id=100]	INFO	h.m.UpdateCenter$UpdateCenterConfiguration#download: Downloading structs
2021-12-30 13:37:04.539+0000 [id=100]	INFO	h.model.UpdateCenter$DownloadJob#run: Installation successful: structs
2021-12-30 13:37:04.539+0000 [id=100]	INFO	h.model.UpdateCenter$DownloadJob#run: Starting the installation of workflow-step-api on behalf of admin
2021-12-30 13:37:04.540+0000 [id=100]	INFO	h.m.UpdateCenter$UpdateCenterConfiguration#download: Downloading workflow-step-api
2021-12-30 13:37:07.856+0000 [id=100]	INFO	h.model.UpdateCenter$DownloadJob#run: Installation successful: workflow-step-api
2021-12-30 13:37:07.856+0000 [id=100]	INFO	h.model.UpdateCenter$DownloadJob#run: Starting the installation of token-macro on behalf of admin
2021-12-30 13:37:07.856+0000 [id=100]	INFO	h.m.UpdateCenter$UpdateCenterConfiguration#download: Downloading token-macro
2021-12-30 13:37:11.410+0000 [id=100]	INFO	h.model.UpdateCenter$DownloadJob#run: Installation successful: token-macro
2021-12-30 13:37:11.411+0000 [id=100]	INFO	h.model.UpdateCenter$DownloadJob#run: Starting the installation of build-timeout on behalf of admin
2021-12-30 13:37:11.411+0000 [id=100]	INFO	h.m.UpdateCenter$UpdateCenterConfiguration#download: Downloading build-timeout
2021-12-30 13:37:14.121+0000 [id=100]	INFO	h.model.UpdateCenter$DownloadJob#run: Installation successful: build-timeout
2021-12-30 13:37:14.122+0000 [id=100]	INFO	h.model.UpdateCenter$DownloadJob#run: Starting the installation of trilead-api on behalf of admin
2021-12-30 13:37:14.122+0000 [id=100]	INFO	h.m.UpdateCenter$UpdateCenterConfiguration#download: Downloading trilead-api
2021-12-30 13:37:19.713+0000 [id=100]	INFO	h.model.UpdateCenter$DownloadJob#run: Installation successful: trilead-api
2021-12-30 13:37:19.713+0000 [id=100]	INFO	h.model.UpdateCenter$DownloadJob#run: Starting the installation of jaxb on behalf of admin
2021-12-30 13:37:19.713+0000 [id=100]	INFO	h.m.UpdateCenter$UpdateCenterConfiguration#download: Downloading jaxb
2021-12-30 13:37:22.955+0000 [id=100]	INFO	h.model.UpdateCenter$DownloadJob#run: Installation successful: jaxb
2021-12-30 13:37:22.955+0000 [id=100]	INFO	h.model.UpdateCenter$DownloadJob#run: Starting the installation of credentials on behalf of admin
2021-12-30 13:37:22.955+0000 [id=100]	INFO	h.m.UpdateCenter$UpdateCenterConfiguration#download: Downloading credentials
2021-12-30 13:37:26.238+0000 [id=100]	INFO	h.model.UpdateCenter$DownloadJob#run: Installation successful: credentials
2021-12-30 13:37:26.238+0000 [id=100]	INFO	h.model.UpdateCenter$DownloadJob#run: Starting the installation of plain-credentials on behalf of admin
2021-12-30 13:37:26.238+0000 [id=100]	INFO	h.m.UpdateCenter$UpdateCenterConfiguration#download: Downloading plain-credentials
2021-12-30 13:37:28.729+0000 [id=100]	INFO	h.model.UpdateCenter$DownloadJob#run: Installation successful: plain-credentials
2021-12-30 13:37:28.729+0000 [id=100]	INFO	h.model.UpdateCenter$DownloadJob#run: Starting the installation of ssh-credentials on behalf of admin
2021-12-30 13:37:28.730+0000 [id=100]	INFO	h.m.UpdateCenter$UpdateCenterConfiguration#download: Downloading ssh-credentials
2021-12-30 13:37:31.160+0000 [id=100]	INFO	h.model.UpdateCenter$DownloadJob#run: Installation successful: ssh-credentials
2021-12-30 13:37:31.161+0000 [id=100]	INFO	h.model.UpdateCenter$DownloadJob#run: Starting the installation of credentials-binding on behalf of admin
2021-12-30 13:37:31.161+0000 [id=100]	INFO	h.m.UpdateCenter$UpdateCenterConfiguration#download: Downloading credentials-binding
2021-12-30 13:37:34.067+0000 [id=100]	INFO	h.model.UpdateCenter$DownloadJob#run: Installation successful: credentials-binding
2021-12-30 13:37:34.068+0000 [id=100]	INFO	h.model.UpdateCenter$DownloadJob#run: Starting the installation of scm-api on behalf of admin
2021-12-30 13:37:34.068+0000 [id=100]	INFO	h.m.UpdateCenter$UpdateCenterConfiguration#download: Downloading scm-api
2021-12-30 13:37:36.633+0000 [id=100]	INFO	h.model.UpdateCenter$DownloadJob#run: Installation successful: scm-api
2021-12-30 13:37:36.633+0000 [id=100]	INFO	h.model.UpdateCenter$DownloadJob#run: Starting the installation of workflow-api on behalf of admin
2021-12-30 13:37:36.636+0000 [id=100]	INFO	h.m.UpdateCenter$UpdateCenterConfiguration#download: Downloading workflow-api
2021-12-30 13:37:39.078+0000 [id=100]	INFO	h.model.UpdateCenter$DownloadJob#run: Installation successful: workflow-api
2021-12-30 13:37:39.078+0000 [id=100]	INFO	h.model.UpdateCenter$DownloadJob#run: Starting the installation of timestamper on behalf of admin
2021-12-30 13:37:39.078+0000 [id=100]	INFO	h.m.UpdateCenter$UpdateCenterConfiguration#download: Downloading timestamper
2021-12-30 13:37:43.188+0000 [id=100]	INFO	h.model.UpdateCenter$DownloadJob#run: Installation successful: timestamper
2021-12-30 13:37:43.189+0000 [id=100]	INFO	h.model.UpdateCenter$DownloadJob#run: Starting the installation of caffeine-api on behalf of admin
2021-12-30 13:37:43.189+0000 [id=100]	INFO	h.m.UpdateCenter$UpdateCenterConfiguration#download: Downloading caffeine-api
2021-12-30 13:37:47.184+0000 [id=100]	INFO	h.model.UpdateCenter$DownloadJob#run: Installation successful: caffeine-api
2021-12-30 13:37:47.185+0000 [id=100]	INFO	h.model.UpdateCenter$DownloadJob#run: Starting the installation of script-security on behalf of admin
2021-12-30 13:37:47.185+0000 [id=100]	INFO	h.m.UpdateCenter$UpdateCenterConfiguration#download: Downloading script-security
2021-12-30 13:37:49.712+0000 [id=100]	INFO	h.model.UpdateCenter$DownloadJob#run: Installation successful: script-security
2021-12-30 13:37:49.712+0000 [id=100]	INFO	h.model.UpdateCenter$DownloadJob#run: Starting the installation of plugin-util-api on behalf of admin
2021-12-30 13:37:49.712+0000 [id=100]	INFO	h.m.UpdateCenter$UpdateCenterConfiguration#download: Downloading plugin-util-api
2021-12-30 13:37:53.874+0000 [id=100]	INFO	h.model.UpdateCenter$DownloadJob#run: Installation successful: plugin-util-api
2021-12-30 13:37:53.874+0000 [id=100]	INFO	h.model.UpdateCenter$DownloadJob#run: Starting the installation of font-awesome-api on behalf of admin
2021-12-30 13:37:53.875+0000 [id=100]	INFO	h.m.UpdateCenter$UpdateCenterConfiguration#download: Downloading font-awesome-api
2021-12-30 13:37:56.939+0000 [id=100]	INFO	h.model.UpdateCenter$DownloadJob#run: Installation successful: font-awesome-api
2021-12-30 13:37:56.940+0000 [id=100]	INFO	h.model.UpdateCenter$DownloadJob#run: Starting the installation of popper-api on behalf of admin
2021-12-30 13:37:56.940+0000 [id=100]	INFO	h.m.UpdateCenter$UpdateCenterConfiguration#download: Downloading popper-api
2021-12-30 13:38:00.445+0000 [id=100]	INFO	h.model.UpdateCenter$DownloadJob#run: Installation successful: popper-api
2021-12-30 13:38:00.445+0000 [id=100]	INFO	h.model.UpdateCenter$DownloadJob#run: Starting the installation of jquery3-api on behalf of admin
2021-12-30 13:38:00.445+0000 [id=100]	INFO	h.m.UpdateCenter$UpdateCenterConfiguration#download: Downloading jquery3-api
2021-12-30 13:38:03.272+0000 [id=100]	INFO	h.model.UpdateCenter$DownloadJob#run: Installation successful: jquery3-api
2021-12-30 13:38:03.273+0000 [id=100]	INFO	h.model.UpdateCenter$DownloadJob#run: Starting the installation of bootstrap4-api on behalf of admin
2021-12-30 13:38:03.273+0000 [id=100]	INFO	h.m.UpdateCenter$UpdateCenterConfiguration#download: Downloading bootstrap4-api
2021-12-30 13:38:06.854+0000 [id=100]	INFO	h.model.UpdateCenter$DownloadJob#run: Installation successful: bootstrap4-api
2021-12-30 13:38:06.854+0000 [id=100]	INFO	h.model.UpdateCenter$DownloadJob#run: Starting the installation of snakeyaml-api on behalf of admin
2021-12-30 13:38:06.854+0000 [id=100]	INFO	h.m.UpdateCenter$UpdateCenterConfiguration#download: Downloading snakeyaml-api
2021-12-30 13:38:09.484+0000 [id=100]	INFO	h.model.UpdateCenter$DownloadJob#run: Installation successful: snakeyaml-api
2021-12-30 13:38:09.484+0000 [id=100]	INFO	h.model.UpdateCenter$DownloadJob#run: Starting the installation of jackson2-api on behalf of admin
2021-12-30 13:38:09.484+0000 [id=100]	INFO	h.m.UpdateCenter$UpdateCenterConfiguration#download: Downloading jackson2-api
2021-12-30 13:38:17.083+0000 [id=100]	INFO	h.model.UpdateCenter$DownloadJob#run: Installation successful: jackson2-api
2021-12-30 13:38:17.084+0000 [id=100]	INFO	h.model.UpdateCenter$DownloadJob#run: Starting the installation of popper2-api on behalf of admin
2021-12-30 13:38:17.084+0000 [id=100]	INFO	h.m.UpdateCenter$UpdateCenterConfiguration#download: Downloading popper2-api
2021-12-30 13:38:19.670+0000 [id=100]	INFO	h.model.UpdateCenter$DownloadJob#run: Installation successful: popper2-api
2021-12-30 13:38:19.671+0000 [id=100]	INFO	h.model.UpdateCenter$DownloadJob#run: Starting the installation of bootstrap5-api on behalf of admin
2021-12-30 13:38:19.671+0000 [id=100]	INFO	h.m.UpdateCenter$UpdateCenterConfiguration#download: Downloading bootstrap5-api
2021-12-30 13:38:23.226+0000 [id=100]	INFO	h.model.UpdateCenter$DownloadJob#run: Installation successful: bootstrap5-api
2021-12-30 13:38:23.227+0000 [id=100]	INFO	h.model.UpdateCenter$DownloadJob#run: Starting the installation of echarts-api on behalf of admin
2021-12-30 13:38:23.227+0000 [id=100]	INFO	h.m.UpdateCenter$UpdateCenterConfiguration#download: Downloading echarts-api
2021-12-30 13:38:35.308+0000 [id=100]	INFO	h.model.UpdateCenter$DownloadJob#run: Installation successful: echarts-api
2021-12-30 13:38:35.309+0000 [id=100]	INFO	h.model.UpdateCenter$DownloadJob#run: Starting the installation of display-url-api on behalf of admin
2021-12-30 13:38:35.309+0000 [id=100]	INFO	h.m.UpdateCenter$UpdateCenterConfiguration#download: Downloading display-url-api
2021-12-30 13:38:37.730+0000 [id=100]	INFO	h.model.UpdateCenter$DownloadJob#run: Installation successful: display-url-api
2021-12-30 13:38:37.730+0000 [id=100]	INFO	h.model.UpdateCenter$DownloadJob#run: Starting the installation of workflow-support on behalf of admin
2021-12-30 13:38:37.730+0000 [id=100]	INFO	h.m.UpdateCenter$UpdateCenterConfiguration#download: Downloading workflow-support
2021-12-30 13:38:42.191+0000 [id=100]	INFO	h.model.UpdateCenter$DownloadJob#run: Installation successful: workflow-support
2021-12-30 13:38:42.192+0000 [id=100]	INFO	h.model.UpdateCenter$DownloadJob#run: Starting the installation of checks-api on behalf of admin
2021-12-30 13:38:42.193+0000 [id=100]	INFO	h.m.UpdateCenter$UpdateCenterConfiguration#download: Downloading checks-api
2021-12-30 13:38:44.819+0000 [id=100]	INFO	h.model.UpdateCenter$DownloadJob#run: Installation successful: checks-api
2021-12-30 13:38:44.820+0000 [id=100]	INFO	h.model.UpdateCenter$DownloadJob#run: Starting the installation of junit on behalf of admin
2021-12-30 13:38:44.820+0000 [id=100]	INFO	h.m.UpdateCenter$UpdateCenterConfiguration#download: Downloading junit
2021-12-30 13:38:47.463+0000 [id=100]	INFO	h.model.UpdateCenter$DownloadJob#run: Installation successful: junit
2021-12-30 13:38:47.463+0000 [id=100]	INFO	h.model.UpdateCenter$DownloadJob#run: Starting the installation of matrix-project on behalf of admin
2021-12-30 13:38:47.463+0000 [id=100]	INFO	h.m.UpdateCenter$UpdateCenterConfiguration#download: Downloading matrix-project
2021-12-30 13:38:50.173+0000 [id=100]	INFO	h.model.UpdateCenter$DownloadJob#run: Installation successful: matrix-project
2021-12-30 13:38:50.173+0000 [id=100]	INFO	h.model.UpdateCenter$DownloadJob#run: Starting the installation of resource-disposer on behalf of admin
2021-12-30 13:38:50.174+0000 [id=100]	INFO	h.m.UpdateCenter$UpdateCenterConfiguration#download: Downloading resource-disposer
2021-12-30 13:38:52.683+0000 [id=100]	INFO	h.model.UpdateCenter$DownloadJob#run: Installation successful: resource-disposer
2021-12-30 13:38:52.683+0000 [id=100]	INFO	h.model.UpdateCenter$DownloadJob#run: Starting the installation of ws-cleanup on behalf of admin
2021-12-30 13:38:52.683+0000 [id=100]	INFO	h.m.UpdateCenter$UpdateCenterConfiguration#download: Downloading ws-cleanup
2021-12-30 13:38:55.696+0000 [id=100]	INFO	h.model.UpdateCenter$DownloadJob#run: Installation successful: ws-cleanup
2021-12-30 13:38:55.697+0000 [id=100]	INFO	h.model.UpdateCenter$DownloadJob#run: Starting the installation of ant on behalf of admin
2021-12-30 13:38:55.698+0000 [id=100]	INFO	h.m.UpdateCenter$UpdateCenterConfiguration#download: Downloading ant
2021-12-30 13:38:58.437+0000 [id=100]	INFO	h.model.UpdateCenter$DownloadJob#run: Installation successful: ant
2021-12-30 13:38:58.437+0000 [id=100]	INFO	h.model.UpdateCenter$DownloadJob#run: Starting the installation of durable-task on behalf of admin
2021-12-30 13:38:58.437+0000 [id=100]	INFO	h.m.UpdateCenter$UpdateCenterConfiguration#download: Downloading durable-task
2021-12-30 13:39:10.093+0000 [id=100]	INFO	h.model.UpdateCenter$DownloadJob#run: Installation successful: durable-task
2021-12-30 13:39:10.093+0000 [id=100]	INFO	h.model.UpdateCenter$DownloadJob#run: Starting the installation of workflow-durable-task-step on behalf of admin
2021-12-30 13:39:10.094+0000 [id=100]	INFO	h.m.UpdateCenter$UpdateCenterConfiguration#download: Downloading workflow-durable-task-step
2021-12-30 13:39:12.430+0000 [id=100]	INFO	h.model.UpdateCenter$DownloadJob#run: Installation successful: workflow-durable-task-step
2021-12-30 13:39:12.431+0000 [id=100]	INFO	h.model.UpdateCenter$DownloadJob#run: Starting the installation of command-launcher on behalf of admin
2021-12-30 13:39:12.432+0000 [id=100]	INFO	h.m.UpdateCenter$UpdateCenterConfiguration#download: Downloading command-launcher
2021-12-30 13:39:14.661+0000 [id=100]	INFO	h.model.UpdateCenter$DownloadJob#run: Installation successful: command-launcher
2021-12-30 13:39:14.662+0000 [id=100]	INFO	h.model.UpdateCenter$DownloadJob#run: Starting the installation of jdk-tool on behalf of admin
2021-12-30 13:39:14.662+0000 [id=100]	INFO	h.m.UpdateCenter$UpdateCenterConfiguration#download: Downloading jdk-tool
2021-12-30 13:39:16.967+0000 [id=100]	INFO	h.model.UpdateCenter$DownloadJob#run: Installation successful: jdk-tool
2021-12-30 13:39:16.967+0000 [id=100]	INFO	h.model.UpdateCenter$DownloadJob#run: Starting the installation of bouncycastle-api on behalf of admin
2021-12-30 13:39:16.968+0000 [id=100]	INFO	h.m.UpdateCenter$UpdateCenterConfiguration#download: Downloading bouncycastle-api
2021-12-30 13:39:23.013+0000 [id=100]	INFO	h.model.UpdateCenter$DownloadJob#run: Installation successful: bouncycastle-api
2021-12-30 13:39:23.013+0000 [id=100]	INFO	h.model.UpdateCenter$DownloadJob#run: Starting the installation of ace-editor on behalf of admin
2021-12-30 13:39:23.013+0000 [id=100]	INFO	h.m.UpdateCenter$UpdateCenterConfiguration#download: Downloading ace-editor
2021-12-30 13:39:27.455+0000 [id=100]	INFO	h.model.UpdateCenter$DownloadJob#run: Installation successful: ace-editor
2021-12-30 13:39:27.455+0000 [id=100]	INFO	h.model.UpdateCenter$DownloadJob#run: Starting the installation of workflow-scm-step on behalf of admin
2021-12-30 13:39:27.455+0000 [id=100]	INFO	h.m.UpdateCenter$UpdateCenterConfiguration#download: Downloading workflow-scm-step
2021-12-30 13:39:29.687+0000 [id=100]	INFO	h.model.UpdateCenter$DownloadJob#run: Installation successful: workflow-scm-step
2021-12-30 13:39:29.688+0000 [id=100]	INFO	h.model.UpdateCenter$DownloadJob#run: Starting the installation of workflow-cps on behalf of admin
2021-12-30 13:39:29.688+0000 [id=100]	INFO	h.m.UpdateCenter$UpdateCenterConfiguration#download: Downloading workflow-cps
2021-12-30 13:39:33.675+0000 [id=100]	INFO	h.model.UpdateCenter$DownloadJob#run: Installation successful: workflow-cps
2021-12-30 13:39:33.675+0000 [id=100]	INFO	h.model.UpdateCenter$DownloadJob#run: Starting the installation of workflow-job on behalf of admin
2021-12-30 13:39:33.676+0000 [id=100]	INFO	h.m.UpdateCenter$UpdateCenterConfiguration#download: Downloading workflow-job
2021-12-30 13:39:35.933+0000 [id=100]	INFO	h.model.UpdateCenter$DownloadJob#run: Installation successful: workflow-job
2021-12-30 13:39:35.934+0000 [id=100]	INFO	h.model.UpdateCenter$DownloadJob#run: Starting the installation of apache-httpcomponents-client-4-api on behalf of admin
2021-12-30 13:39:35.934+0000 [id=100]	INFO	h.m.UpdateCenter$UpdateCenterConfiguration#download: Downloading apache-httpcomponents-client-4-api
2021-12-30 13:39:39.479+0000 [id=100]	INFO	h.model.UpdateCenter$DownloadJob#run: Installation successful: apache-httpcomponents-client-4-api
2021-12-30 13:39:39.479+0000 [id=100]	INFO	h.model.UpdateCenter$DownloadJob#run: Starting the installation of mailer on behalf of admin
2021-12-30 13:39:39.479+0000 [id=100]	INFO	h.m.UpdateCenter$UpdateCenterConfiguration#download: Downloading mailer
2021-12-30 13:39:42.597+0000 [id=100]	INFO	h.model.UpdateCenter$DownloadJob#run: Installation successful: mailer
2021-12-30 13:39:42.597+0000 [id=100]	INFO	h.model.UpdateCenter$DownloadJob#run: Starting the installation of workflow-basic-steps on behalf of admin
2021-12-30 13:39:42.597+0000 [id=100]	INFO	h.m.UpdateCenter$UpdateCenterConfiguration#download: Downloading workflow-basic-steps
2021-12-30 13:39:45.178+0000 [id=100]	INFO	h.model.UpdateCenter$DownloadJob#run: Installation successful: workflow-basic-steps
2021-12-30 13:39:45.178+0000 [id=100]	INFO	h.model.UpdateCenter$DownloadJob#run: Starting the installation of gradle on behalf of admin
2021-12-30 13:39:45.178+0000 [id=100]	INFO	h.m.UpdateCenter$UpdateCenterConfiguration#download: Downloading gradle
2021-12-30 13:39:47.381+0000 [id=100]	INFO	h.model.UpdateCenter$DownloadJob#run: Installation successful: gradle
2021-12-30 13:39:47.381+0000 [id=100]	INFO	h.model.UpdateCenter$DownloadJob#run: Starting the installation of pipeline-milestone-step on behalf of admin
2021-12-30 13:39:47.382+0000 [id=100]	INFO	h.m.UpdateCenter$UpdateCenterConfiguration#download: Downloading pipeline-milestone-step
2021-12-30 13:39:49.551+0000 [id=100]	INFO	h.model.UpdateCenter$DownloadJob#run: Installation successful: pipeline-milestone-step
2021-12-30 13:39:49.552+0000 [id=100]	INFO	h.model.UpdateCenter$DownloadJob#run: Starting the installation of pipeline-input-step on behalf of admin
2021-12-30 13:39:49.552+0000 [id=100]	INFO	h.m.UpdateCenter$UpdateCenterConfiguration#download: Downloading pipeline-input-step
2021-12-30 13:39:53.036+0000 [id=100]	INFO	h.model.UpdateCenter$DownloadJob#run: Installation successful: pipeline-input-step
2021-12-30 13:39:53.036+0000 [id=100]	INFO	h.model.UpdateCenter$DownloadJob#run: Starting the installation of pipeline-stage-step on behalf of admin
2021-12-30 13:39:53.036+0000 [id=100]	INFO	h.m.UpdateCenter$UpdateCenterConfiguration#download: Downloading pipeline-stage-step
2021-12-30 13:39:57.132+0000 [id=100]	INFO	h.model.UpdateCenter$DownloadJob#run: Installation successful: pipeline-stage-step
2021-12-30 13:39:57.132+0000 [id=100]	INFO	h.model.UpdateCenter$DownloadJob#run: Starting the installation of pipeline-graph-analysis on behalf of admin
2021-12-30 13:39:57.133+0000 [id=100]	INFO	h.m.UpdateCenter$UpdateCenterConfiguration#download: Downloading pipeline-graph-analysis
2021-12-30 13:40:00.214+0000 [id=100]	INFO	h.model.UpdateCenter$DownloadJob#run: Installation successful: pipeline-graph-analysis
2021-12-30 13:40:00.215+0000 [id=100]	INFO	h.model.UpdateCenter$DownloadJob#run: Starting the installation of pipeline-rest-api on behalf of admin
2021-12-30 13:40:00.215+0000 [id=100]	INFO	h.m.UpdateCenter$UpdateCenterConfiguration#download: Downloading pipeline-rest-api
2021-12-30 13:40:04.300+0000 [id=100]	INFO	h.model.UpdateCenter$DownloadJob#run: Installation successful: pipeline-rest-api
2021-12-30 13:40:04.301+0000 [id=100]	INFO	h.model.UpdateCenter$DownloadJob#run: Starting the installation of handlebars on behalf of admin
2021-12-30 13:40:04.301+0000 [id=100]	INFO	h.m.UpdateCenter$UpdateCenterConfiguration#download: Downloading handlebars
2021-12-30 13:40:07.032+0000 [id=100]	INFO	h.model.UpdateCenter$DownloadJob#run: Installation successful: handlebars
2021-12-30 13:40:07.032+0000 [id=100]	INFO	h.model.UpdateCenter$DownloadJob#run: Starting the installation of momentjs on behalf of admin
2021-12-30 13:40:07.033+0000 [id=100]	INFO	h.m.UpdateCenter$UpdateCenterConfiguration#download: Downloading momentjs
2021-12-30 13:40:09.421+0000 [id=100]	INFO	h.model.UpdateCenter$DownloadJob#run: Installation successful: momentjs
2021-12-30 13:40:09.422+0000 [id=100]	INFO	h.model.UpdateCenter$DownloadJob#run: Starting the installation of pipeline-stage-view on behalf of admin
2021-12-30 13:40:09.423+0000 [id=100]	INFO	h.m.UpdateCenter$UpdateCenterConfiguration#download: Downloading pipeline-stage-view
2021-12-30 13:40:14.140+0000 [id=100]	INFO	h.model.UpdateCenter$DownloadJob#run: Installation successful: pipeline-stage-view
2021-12-30 13:40:14.140+0000 [id=100]	INFO	h.model.UpdateCenter$DownloadJob#run: Starting the installation of pipeline-build-step on behalf of admin
2021-12-30 13:40:14.140+0000 [id=100]	INFO	h.m.UpdateCenter$UpdateCenterConfiguration#download: Downloading pipeline-build-step
2021-12-30 13:40:16.738+0000 [id=100]	INFO	h.model.UpdateCenter$DownloadJob#run: Installation successful: pipeline-build-step
2021-12-30 13:40:16.739+0000 [id=100]	INFO	h.model.UpdateCenter$DownloadJob#run: Starting the installation of pipeline-model-api on behalf of admin
2021-12-30 13:40:16.739+0000 [id=100]	INFO	h.m.UpdateCenter$UpdateCenterConfiguration#download: Downloading pipeline-model-api
2021-12-30 13:40:28.258+0000 [id=100]	INFO	h.model.UpdateCenter$DownloadJob#run: Installation successful: pipeline-model-api
2021-12-30 13:40:28.259+0000 [id=100]	INFO	h.model.UpdateCenter$DownloadJob#run: Starting the installation of pipeline-model-extensions on behalf of admin
2021-12-30 13:40:28.259+0000 [id=100]	INFO	h.m.UpdateCenter$UpdateCenterConfiguration#download: Downloading pipeline-model-extensions
2021-12-30 13:40:30.583+0000 [id=100]	INFO	h.model.UpdateCenter$DownloadJob#run: Installation successful: pipeline-model-extensions
2021-12-30 13:40:30.584+0000 [id=100]	INFO	h.model.UpdateCenter$DownloadJob#run: Starting the installation of jsch on behalf of admin
2021-12-30 13:40:30.584+0000 [id=100]	INFO	h.m.UpdateCenter$UpdateCenterConfiguration#download: Downloading jsch
2021-12-30 13:40:34.779+0000 [id=100]	INFO	h.model.UpdateCenter$DownloadJob#run: Installation successful: jsch
2021-12-30 13:40:34.780+0000 [id=100]	INFO	h.model.UpdateCenter$DownloadJob#run: Starting the installation of git-client on behalf of admin
2021-12-30 13:40:34.780+0000 [id=100]	INFO	h.m.UpdateCenter$UpdateCenterConfiguration#download: Downloading git-client
2021-12-30 13:40:43.911+0000 [id=100]	INFO	h.model.UpdateCenter$DownloadJob#run: Installation successful: git-client
2021-12-30 13:40:43.912+0000 [id=100]	INFO	h.model.UpdateCenter$DownloadJob#run: Starting the installation of git-server on behalf of admin
2021-12-30 13:40:43.912+0000 [id=100]	INFO	h.m.UpdateCenter$UpdateCenterConfiguration#download: Downloading git-server
2021-12-30 13:40:46.082+0000 [id=100]	INFO	h.model.UpdateCenter$DownloadJob#run: Installation successful: git-server
2021-12-30 13:40:46.083+0000 [id=100]	INFO	h.model.UpdateCenter$DownloadJob#run: Starting the installation of workflow-cps-global-lib on behalf of admin
2021-12-30 13:40:46.083+0000 [id=100]	INFO	h.m.UpdateCenter$UpdateCenterConfiguration#download: Downloading workflow-cps-global-lib
2021-12-30 13:40:50.832+0000 [id=100]	INFO	h.model.UpdateCenter$DownloadJob#run: Installation successful: workflow-cps-global-lib
2021-12-30 13:40:50.832+0000 [id=100]	INFO	h.model.UpdateCenter$DownloadJob#run: Starting the installation of branch-api on behalf of admin
2021-12-30 13:40:50.832+0000 [id=100]	INFO	h.m.UpdateCenter$UpdateCenterConfiguration#download: Downloading branch-api
2021-12-30 13:40:53.799+0000 [id=100]	INFO	h.model.UpdateCenter$DownloadJob#run: Installation successful: branch-api
2021-12-30 13:40:53.800+0000 [id=100]	INFO	h.model.UpdateCenter$DownloadJob#run: Starting the installation of workflow-multibranch on behalf of admin
2021-12-30 13:40:53.800+0000 [id=100]	INFO	h.m.UpdateCenter$UpdateCenterConfiguration#download: Downloading workflow-multibranch
2021-12-30 13:40:56.317+0000 [id=100]	INFO	h.model.UpdateCenter$DownloadJob#run: Installation successful: workflow-multibranch
2021-12-30 13:40:56.317+0000 [id=100]	INFO	h.model.UpdateCenter$DownloadJob#run: Starting the installation of pipeline-stage-tags-metadata on behalf of admin
2021-12-30 13:40:56.317+0000 [id=100]	INFO	h.m.UpdateCenter$UpdateCenterConfiguration#download: Downloading pipeline-stage-tags-metadata
2021-12-30 13:40:59.799+0000 [id=100]	INFO	h.model.UpdateCenter$DownloadJob#run: Installation successful: pipeline-stage-tags-metadata
2021-12-30 13:40:59.799+0000 [id=100]	INFO	h.model.UpdateCenter$DownloadJob#run: Starting the installation of pipeline-model-definition on behalf of admin
2021-12-30 13:40:59.799+0000 [id=100]	INFO	h.m.UpdateCenter$UpdateCenterConfiguration#download: Downloading pipeline-model-definition
2021-12-30 13:41:04.980+0000 [id=100]	INFO	h.model.UpdateCenter$DownloadJob#run: Installation successful: pipeline-model-definition
2021-12-30 13:41:04.980+0000 [id=100]	INFO	h.model.UpdateCenter$DownloadJob#run: Starting the installation of lockable-resources on behalf of admin
2021-12-30 13:41:04.980+0000 [id=100]	INFO	h.m.UpdateCenter$UpdateCenterConfiguration#download: Downloading lockable-resources
2021-12-30 13:41:07.588+0000 [id=100]	INFO	h.model.UpdateCenter$DownloadJob#run: Installation successful: lockable-resources
2021-12-30 13:41:07.588+0000 [id=100]	INFO	h.model.UpdateCenter$DownloadJob#run: Starting the installation of workflow-aggregator on behalf of admin
2021-12-30 13:41:07.588+0000 [id=100]	INFO	h.m.UpdateCenter$UpdateCenterConfiguration#download: Downloading workflow-aggregator
2021-12-30 13:41:11.674+0000 [id=100]	INFO	h.model.UpdateCenter$DownloadJob#run: Installation successful: workflow-aggregator
2021-12-30 13:41:11.674+0000 [id=100]	INFO	h.model.UpdateCenter$DownloadJob#run: Starting the installation of jjwt-api on behalf of admin
2021-12-30 13:41:11.674+0000 [id=100]	INFO	h.m.UpdateCenter$UpdateCenterConfiguration#download: Downloading jjwt-api
2021-12-30 13:41:15.529+0000 [id=100]	INFO	h.model.UpdateCenter$DownloadJob#run: Installation successful: jjwt-api
2021-12-30 13:41:15.529+0000 [id=100]	INFO	h.model.UpdateCenter$DownloadJob#run: Starting the installation of okhttp-api on behalf of admin
2021-12-30 13:41:15.530+0000 [id=100]	INFO	h.m.UpdateCenter$UpdateCenterConfiguration#download: Downloading okhttp-api
2021-12-30 13:41:20.682+0000 [id=100]	INFO	h.model.UpdateCenter$DownloadJob#run: Installation successful: okhttp-api
2021-12-30 13:41:20.682+0000 [id=100]	INFO	h.model.UpdateCenter$DownloadJob#run: Starting the installation of github-api on behalf of admin
2021-12-30 13:41:20.683+0000 [id=100]	INFO	h.m.UpdateCenter$UpdateCenterConfiguration#download: Downloading github-api
2021-12-30 13:41:24.141+0000 [id=100]	INFO	h.model.UpdateCenter$DownloadJob#run: Installation successful: github-api
2021-12-30 13:41:24.142+0000 [id=100]	INFO	h.model.UpdateCenter$DownloadJob#run: Starting the installation of git on behalf of admin
2021-12-30 13:41:24.142+0000 [id=100]	INFO	h.m.UpdateCenter$UpdateCenterConfiguration#download: Downloading git
2021-12-30 13:41:26.879+0000 [id=100]	INFO	h.model.UpdateCenter$DownloadJob#run: Installation successful: git
2021-12-30 13:41:26.880+0000 [id=100]	INFO	h.model.UpdateCenter$DownloadJob#run: Starting the installation of github on behalf of admin
2021-12-30 13:41:26.880+0000 [id=100]	INFO	h.m.UpdateCenter$UpdateCenterConfiguration#download: Downloading github
2021-12-30 13:41:29.881+0000 [id=100]	INFO	h.model.UpdateCenter$DownloadJob#run: Installation successful: github
2021-12-30 13:41:29.881+0000 [id=100]	INFO	h.model.UpdateCenter$DownloadJob#run: Starting the installation of github-branch-source on behalf of admin
2021-12-30 13:41:29.881+0000 [id=100]	INFO	h.m.UpdateCenter$UpdateCenterConfiguration#download: Downloading github-branch-source
2021-12-30 13:41:32.287+0000 [id=100]	INFO	h.model.UpdateCenter$DownloadJob#run: Installation successful: github-branch-source
2021-12-30 13:41:32.287+0000 [id=100]	INFO	h.model.UpdateCenter$DownloadJob#run: Starting the installation of pipeline-github-lib on behalf of admin
2021-12-30 13:41:32.287+0000 [id=100]	INFO	h.m.UpdateCenter$UpdateCenterConfiguration#download: Downloading pipeline-github-lib
2021-12-30 13:41:34.480+0000 [id=100]	INFO	h.model.UpdateCenter$DownloadJob#run: Installation successful: pipeline-github-lib
2021-12-30 13:41:34.480+0000 [id=100]	INFO	h.model.UpdateCenter$DownloadJob#run: Starting the installation of pipeline-stage-view on behalf of admin
2021-12-30 13:41:34.480+0000 [id=100]	INFO	h.m.UpdateCenter$InstallationJob#_run: Skipping duplicate install of: Pipeline: Stage View@2.20
2021-12-30 13:41:34.480+0000 [id=100]	INFO	h.model.UpdateCenter$DownloadJob#run: Installation successful: pipeline-stage-view
2021-12-30 13:41:34.480+0000 [id=100]	INFO	h.model.UpdateCenter$DownloadJob#run: Starting the installation of git on behalf of admin
2021-12-30 13:41:34.480+0000 [id=100]	INFO	h.m.UpdateCenter$InstallationJob#_run: Skipping duplicate install of: Git@4.10.1
2021-12-30 13:41:34.480+0000 [id=100]	INFO	h.model.UpdateCenter$DownloadJob#run: Installation successful: git
2021-12-30 13:41:34.480+0000 [id=100]	INFO	h.model.UpdateCenter$DownloadJob#run: Starting the installation of ssh-slaves on behalf of admin
2021-12-30 13:41:34.481+0000 [id=100]	INFO	h.m.UpdateCenter$UpdateCenterConfiguration#download: Downloading ssh-slaves
2021-12-30 13:41:37.465+0000 [id=100]	INFO	h.model.UpdateCenter$DownloadJob#run: Installation successful: ssh-slaves
2021-12-30 13:41:37.466+0000 [id=100]	INFO	h.model.UpdateCenter$DownloadJob#run: Starting the installation of matrix-auth on behalf of admin
2021-12-30 13:41:37.466+0000 [id=100]	INFO	h.m.UpdateCenter$UpdateCenterConfiguration#download: Downloading matrix-auth
2021-12-30 13:41:40.415+0000 [id=100]	INFO	h.model.UpdateCenter$DownloadJob#run: Installation successful: matrix-auth
2021-12-30 13:41:40.416+0000 [id=100]	INFO	h.model.UpdateCenter$DownloadJob#run: Starting the installation of pam-auth on behalf of admin
2021-12-30 13:41:40.416+0000 [id=100]	INFO	h.m.UpdateCenter$UpdateCenterConfiguration#download: Downloading pam-auth
2021-12-30 13:41:44.384+0000 [id=100]	INFO	h.model.UpdateCenter$DownloadJob#run: Installation successful: pam-auth
2021-12-30 13:41:44.385+0000 [id=100]	INFO	h.model.UpdateCenter$DownloadJob#run: Starting the installation of ldap on behalf of admin
2021-12-30 13:41:44.385+0000 [id=100]	INFO	h.m.UpdateCenter$UpdateCenterConfiguration#download: Downloading ldap
2021-12-30 13:41:49.443+0000 [id=100]	INFO	h.model.UpdateCenter$DownloadJob#run: Installation successful: ldap
2021-12-30 13:41:49.443+0000 [id=100]	INFO	h.model.UpdateCenter$DownloadJob#run: Starting the installation of email-ext on behalf of admin
2021-12-30 13:41:49.444+0000 [id=100]	INFO	h.m.UpdateCenter$UpdateCenterConfiguration#download: Downloading email-ext
2021-12-30 13:41:52.455+0000 [id=100]	INFO	h.model.UpdateCenter$DownloadJob#run: Installation successful: email-ext
2021-12-30 13:41:52.455+0000 [id=100]	INFO	h.model.UpdateCenter$DownloadJob#run: Starting the installation of mailer on behalf of admin
2021-12-30 13:41:52.455+0000 [id=100]	INFO	h.m.UpdateCenter$InstallationJob#_run: Skipping duplicate install of: Mailer@1.34
2021-12-30 13:41:52.455+0000 [id=100]	INFO	h.model.UpdateCenter$DownloadJob#run: Installation successful: mailer
2021-12-30 13:41:52.455+0000 [id=100]	INFO	h.m.UpdateCenter$CompleteBatchJob#run: Completing installing of plugin batch…
2021-12-30 13:41:58.676+0000 [id=100]	INFO	h.m.DownloadService$Downloadable#load: Obtained the updated data file for hudson.tasks.Ant.AntInstaller
2021-12-30 13:41:59.991+0000 [id=100]	INFO	h.m.DownloadService$Downloadable#load: Obtained the updated data file for hudson.plugins.gradle.GradleInstaller
2021-12-30 13:42:03.403+0000 [id=100]	INFO	h.m.DownloadService$Downloadable#load: Obtained the updated data file for hudson.tools.JDKInstaller
2021-12-30 13:42:03.534+0000 [id=287]	INFO	jenkins.InitReactorRunner$1#onAttained: Started initialization
2021-12-30 13:42:03.537+0000 [id=297]	INFO	jenkins.InitReactorRunner$1#onAttained: Listed all plugins
2021-12-30 13:42:03.539+0000 [id=302]	INFO	jenkins.InitReactorRunner$1#onAttained: Prepared all plugins
2021-12-30 13:42:03.541+0000 [id=308]	INFO	jenkins.InitReactorRunner$1#onAttained: Started all plugins
2021-12-30 13:42:03.674+0000 [id=294]	INFO	jenkins.InitReactorRunner$1#onAttained: Augmented all extensions
2021-12-30 13:42:03.675+0000 [id=303]	INFO	jenkins.InitReactorRunner$1#onAttained: System config loaded
2021-12-30 13:42:03.677+0000 [id=288]	INFO	jenkins.InitReactorRunner$1#onAttained: System config adapted
2021-12-30 13:42:03.860+0000 [id=297]	INFO	jenkins.InitReactorRunner$1#onAttained: Loaded all jobs
2021-12-30 13:42:03.861+0000 [id=309]	INFO	jenkins.InitReactorRunner$1#onAttained: Configuration for all jobs updated
2021-12-30 13:42:04.545+0000 [id=296]	INFO	jenkins.InitReactorRunner$1#onAttained: Completed initialization
2021-12-30 13:42:04.551+0000 [id=100]	INFO	h.m.UpdateCenter$CompleteBatchJob#run: Completed installation of 82 plugins in 5 min 16 sec
2021-12-30 13:42:45.789+0000 [id=26]	INFO	winstone.Logger#logInternal: JVM is terminating. Shutting down Jetty
Running from: /home/kunal/Desktop/DEV-OPS/JENKINS/jenkins.war
webroot: $user.home/.jenkins
2021-12-30 13:43:14.488+0000 [id=1]	INFO	org.eclipse.jetty.util.log.Log#initialized: Logging initialized @827ms to org.eclipse.jetty.util.log.JavaUtilLog
2021-12-30 13:43:14.559+0000 [id=1]	INFO	winstone.Logger#logInternal: Beginning extraction from war file
2021-12-30 13:43:14.597+0000 [id=1]	WARNING	o.e.j.s.handler.ContextHandler#setContextPath: Empty contextPath
2021-12-30 13:43:14.693+0000 [id=1]	INFO	org.eclipse.jetty.server.Server#doStart: jetty-9.4.43.v20210629; built: 2021-06-30T11:07:22.254Z; git: 526006ecfa3af7f1a27ef3a288e2bef7ea9dd7e8; jvm 11.0.13+8-Ubuntu-0ubuntu1.20.04
2021-12-30 13:43:16.302+0000 [id=1]	INFO	o.e.j.w.StandardDescriptorProcessor#visitServlet: NO JSP Support for /, did not find org.eclipse.jetty.jsp.JettyJspServlet
2021-12-30 13:43:16.410+0000 [id=1]	INFO	o.e.j.s.s.DefaultSessionIdManager#doStart: DefaultSessionIdManager workerName=node0
2021-12-30 13:43:16.411+0000 [id=1]	INFO	o.e.j.s.s.DefaultSessionIdManager#doStart: No SessionScavenger set, using defaults
2021-12-30 13:43:16.413+0000 [id=1]	INFO	o.e.j.server.session.HouseKeeper#startScavenging: node0 Scavenging every 660000ms
2021-12-30 13:43:17.840+0000 [id=1]	INFO	hudson.WebAppMain#contextInitialized: Jenkins home directory: /root/.jenkins found at: $user.home/.jenkins
2021-12-30 13:43:18.409+0000 [id=1]	INFO	o.e.j.s.handler.ContextHandler#doStart: Started w.@71104a4{Jenkins v2.325,/,file:///root/.jenkins/war/,AVAILABLE}{/root/.jenkins/war}
2021-12-30 13:43:18.443+0000 [id=1]	INFO	o.e.j.server.AbstractConnector#doStart: Started ServerConnector@133e16fd{HTTP/1.1, (http/1.1)}{0.0.0.0:9090}
2021-12-30 13:43:18.444+0000 [id=1]	INFO	org.eclipse.jetty.server.Server#doStart: Started @4783ms
2021-12-30 13:43:18.444+0000 [id=25]	INFO	winstone.Logger#logInternal: Winstone Servlet Engine running: controlPort=disabled
2021-12-30 13:43:19.283+0000 [id=31]	INFO	jenkins.InitReactorRunner$1#onAttained: Started initialization
2021-12-30 13:43:26.202+0000 [id=37]	INFO	jenkins.InitReactorRunner$1#onAttained: Listed all plugins
2021-12-30 13:43:32.400+0000 [id=33]	INFO	jenkins.InitReactorRunner$1#onAttained: Prepared all plugins
2021-12-30 13:43:32.719+0000 [id=33]	INFO	jenkins.InitReactorRunner$1#onAttained: Started all plugins
2021-12-30 13:43:33.079+0000 [id=35]	INFO	jenkins.InitReactorRunner$1#onAttained: Augmented all extensions
WARNING: An illegal reflective access operation has occurred
WARNING: Illegal reflective access by org.codehaus.groovy.reflection.CachedClass (file:/root/.jenkins/war/WEB-INF/lib/groovy-all-2.4.12.jar) to method java.lang.Object.finalize()
WARNING: Please consider reporting this to the maintainers of org.codehaus.groovy.reflection.CachedClass
WARNING: Use --illegal-access=warn to enable warnings of further illegal reflective access operations
WARNING: All illegal access operations will be denied in a future release
2021-12-30 13:43:34.862+0000 [id=45]	INFO	jenkins.InitReactorRunner$1#onAttained: System config loaded
2021-12-30 13:43:34.864+0000 [id=38]	INFO	jenkins.InitReactorRunner$1#onAttained: System config adapted
2021-12-30 13:43:35.175+0000 [id=32]	INFO	jenkins.InitReactorRunner$1#onAttained: Loaded all jobs
2021-12-30 13:43:35.186+0000 [id=41]	INFO	jenkins.InitReactorRunner$1#onAttained: Configuration for all jobs updated
2021-12-30 13:43:35.222+0000 [id=72]	INFO	hudson.model.AsyncPeriodicWork#lambda$doRun$1: Started Download metadata
2021-12-30 13:43:35.237+0000 [id=72]	INFO	hudson.util.Retrier#start: Attempt #1 to do the action check updates server
2021-12-30 13:43:35.674+0000 [id=43]	INFO	jenkins.InitReactorRunner$1#onAttained: Completed initialization
2021-12-30 13:43:35.910+0000 [id=24]	INFO	hudson.WebAppMain$3#run: Jenkins is fully up and running
2021-12-30 13:44:06.301+0000 [id=72]	INFO	h.m.DownloadService$Downloadable#load: Obtained the updated data file for hudson.tasks.Maven.MavenInstaller
2021-12-30 13:44:09.290+0000 [id=72]	INFO	h.m.DownloadService$Downloadable#load: Obtained the updated data file for hudson.plugins.gradle.GradleInstaller
2021-12-30 13:44:10.366+0000 [id=72]	INFO	h.m.DownloadService$Downloadable#load: Obtained the updated data file for hudson.tasks.Ant.AntInstaller
2021-12-30 13:44:15.684+0000 [id=72]	INFO	h.m.DownloadService$Downloadable#load: Obtained the updated data file for hudson.tools.JDKInstaller
2021-12-30 13:44:15.685+0000 [id=72]	INFO	hudson.util.Retrier#start: Performed the action check updates server successfully at the attempt #1
2021-12-30 13:44:15.687+0000 [id=72]	INFO	hudson.model.AsyncPeriodicWork#lambda$doRun$1: Finished Download metadata. 40,464 ms
2021-12-30 14:09:13.477+0000 [id=127]	INFO	hudson.PluginManager#install: Starting installation of a batch of 1 plugins plus their dependencies
2021-12-30 14:09:14.345+0000 [id=131]	INFO	h.model.UpdateCenter$DownloadJob#run: Starting the installation of thinBackup on behalf of kunal
2021-12-30 14:09:14.346+0000 [id=131]	INFO	h.m.UpdateCenter$UpdateCenterConfiguration#download: Downloading thinBackup
2021-12-30 14:09:23.701+0000 [id=131]	INFO	h.model.UpdateCenter$DownloadJob#run: Installation successful: thinBackup
2021-12-30 14:09:23.701+0000 [id=131]	INFO	h.m.UpdateCenter$CompleteBatchJob#run: Completing installing of plugin batch…
2021-12-30 14:09:23.858+0000 [id=138]	INFO	jenkins.InitReactorRunner$1#onAttained: Started initialization
2021-12-30 14:09:23.860+0000 [id=142]	INFO	jenkins.InitReactorRunner$1#onAttained: Listed all plugins
2021-12-30 14:09:23.862+0000 [id=146]	INFO	jenkins.InitReactorRunner$1#onAttained: Prepared all plugins
2021-12-30 14:09:23.864+0000 [id=152]	INFO	jenkins.InitReactorRunner$1#onAttained: Started all plugins
2021-12-30 14:09:23.866+0000 [id=157]	INFO	jenkins.InitReactorRunner$1#onAttained: Augmented all extensions
2021-12-30 14:09:23.868+0000 [id=159]	INFO	jenkins.InitReactorRunner$1#onAttained: System config loaded
2021-12-30 14:09:23.868+0000 [id=159]	INFO	jenkins.InitReactorRunner$1#onAttained: System config adapted
2021-12-30 14:09:23.869+0000 [id=159]	INFO	jenkins.InitReactorRunner$1#onAttained: Loaded all jobs
2021-12-30 14:09:23.869+0000 [id=153]	INFO	jenkins.InitReactorRunner$1#onAttained: Configuration for all jobs updated
2021-12-30 14:09:23.870+0000 [id=153]	INFO	jenkins.InitReactorRunner$1#onAttained: Completed initialization
2021-12-30 14:09:23.872+0000 [id=131]	INFO	h.m.UpdateCenter$CompleteBatchJob#run: Completed installation of 1 plugins in 10 sec
2021-12-30 14:10:45.944+0000 [id=109]	INFO	o.j.h.p.t.ThinBackupMgmtLink#doBackupManual: Starting manual backup.
2021-12-30 14:10:45.949+0000 [id=174]	WARNING	o.j.h.p.t.ThinBackupPeriodicWork#backupNow: ThinBackup is not configured yet: No backup path set.
2021-12-30 14:14:17.967+0000 [id=127]	INFO	o.j.h.p.t.ThinBackupMgmtLink#doBackupManual: Starting manual backup.
2021-12-30 14:14:18.489+0000 [id=180]	INFO	o.j.h.p.t.backup.HudsonBackup#<init>: No previous full backup found, thus creating one.
2021-12-30 14:14:18.987+0000 [id=180]	INFO	o.j.h.p.t.backup.HudsonBackup#backupJobsDirectory: Found 8 jobs to back up.
2021-12-30 14:43:08.606+0000 [id=261]	INFO	hudson.model.AsyncPeriodicWork#lambda$doRun$1: Started Periodic background build discarder
2021-12-30 14:43:08.635+0000 [id=261]	INFO	hudson.model.AsyncPeriodicWork#lambda$doRun$1: Finished Periodic background build discarder. 27 ms
2021-12-30 15:43:08.607+0000 [id=394]	INFO	hudson.model.AsyncPeriodicWork#lambda$doRun$1: Started Periodic background build discarder
2021-12-30 15:43:08.609+0000 [id=394]	INFO	hudson.model.AsyncPeriodicWork#lambda$doRun$1: Finished Periodic background build discarder. 2 ms
2021-12-30 16:43:08.607+0000 [id=512]	INFO	hudson.model.AsyncPeriodicWork#lambda$doRun$1: Started Periodic background build discarder
2021-12-30 16:43:08.610+0000 [id=512]	INFO	hudson.model.AsyncPeriodicWork#lambda$doRun$1: Finished Periodic background build discarder. 2 ms
2021-12-30 17:43:08.607+0000 [id=629]	INFO	hudson.model.AsyncPeriodicWork#lambda$doRun$1: Started Periodic background build discarder
2021-12-30 17:43:08.631+0000 [id=629]	INFO	hudson.model.AsyncPeriodicWork#lambda$doRun$1: Finished Periodic background build discarder. 11 ms
2021-12-30 18:43:08.607+0000 [id=745]	INFO	hudson.model.AsyncPeriodicWork#lambda$doRun$1: Started Periodic background build discarder
2021-12-30 18:43:08.608+0000 [id=745]	INFO	hudson.model.AsyncPeriodicWork#lambda$doRun$1: Finished Periodic background build discarder. 1 ms
2021-12-30 18:47:35.079+0000 [id=758]	INFO	hudson.model.AsyncPeriodicWork#lambda$doRun$1: Started Workspace clean-up
2021-12-30 18:47:35.118+0000 [id=758]	INFO	hudson.model.AsyncPeriodicWork#lambda$doRun$1: Finished Workspace clean-up. 37 ms
2021-12-30 19:43:08.606+0000 [id=862]	INFO	hudson.model.AsyncPeriodicWork#lambda$doRun$1: Started Periodic background build discarder
2021-12-30 19:43:08.608+0000 [id=862]	INFO	hudson.model.AsyncPeriodicWork#lambda$doRun$1: Finished Periodic background build discarder. 1 ms
2021-12-30 20:43:08.607+0000 [id=978]	INFO	hudson.model.AsyncPeriodicWork#lambda$doRun$1: Started Periodic background build discarder
2021-12-30 20:43:08.609+0000 [id=978]	INFO	hudson.model.AsyncPeriodicWork#lambda$doRun$1: Finished Periodic background build discarder. 1 ms
