Running from: /home/kunal/Desktop/DEV-OPS/JENKINS/jenkins.war
webroot: $user.home/.jenkins
2021-12-20 11:39:23.234+0000 [id=1]	INFO	org.eclipse.jetty.util.log.Log#initialized: Logging initialized @836ms to org.eclipse.jetty.util.log.JavaUtilLog
2021-12-20 11:39:23.385+0000 [id=1]	INFO	winstone.Logger#logInternal: Beginning extraction from war file
2021-12-20 11:39:23.461+0000 [id=1]	WARNING	o.e.j.s.handler.ContextHandler#setContextPath: Empty contextPath
2021-12-20 11:39:23.552+0000 [id=1]	INFO	org.eclipse.jetty.server.Server#doStart: jetty-9.4.43.v20210629; built: 2021-06-30T11:07:22.254Z; git: 526006ecfa3af7f1a27ef3a288e2bef7ea9dd7e8; jvm 11.0.11+9-Ubuntu-0ubuntu2.20.04
2021-12-20 11:39:26.663+0000 [id=1]	INFO	o.e.j.w.StandardDescriptorProcessor#visitServlet: NO JSP Support for /, did not find org.eclipse.jetty.jsp.JettyJspServlet
2021-12-20 11:39:26.778+0000 [id=1]	INFO	o.e.j.s.s.DefaultSessionIdManager#doStart: DefaultSessionIdManager workerName=node0
2021-12-20 11:39:26.778+0000 [id=1]	INFO	o.e.j.s.s.DefaultSessionIdManager#doStart: No SessionScavenger set, using defaults
2021-12-20 11:39:26.781+0000 [id=1]	INFO	o.e.j.server.session.HouseKeeper#startScavenging: node0 Scavenging every 660000ms
2021-12-20 11:39:27.791+0000 [id=1]	INFO	hudson.WebAppMain#contextInitialized: Jenkins home directory: /root/.jenkins found at: $user.home/.jenkins
2021-12-20 11:39:28.093+0000 [id=1]	INFO	o.e.j.s.handler.ContextHandler#doStart: Started w.@71104a4{Jenkins v2.325,/,file:///root/.jenkins/war/,AVAILABLE}{/root/.jenkins/war}
2021-12-20 11:39:28.125+0000 [id=1]	INFO	o.e.j.server.AbstractConnector#doStart: Started ServerConnector@2f490758{HTTP/1.1, (http/1.1)}{0.0.0.0:9090}
2021-12-20 11:39:28.126+0000 [id=1]	INFO	org.eclipse.jetty.server.Server#doStart: Started @5730ms
2021-12-20 11:39:28.127+0000 [id=25]	INFO	winstone.Logger#logInternal: Winstone Servlet Engine running: controlPort=disabled
2021-12-20 11:39:28.672+0000 [id=31]	INFO	jenkins.InitReactorRunner$1#onAttained: Started initialization
2021-12-20 11:39:34.711+0000 [id=37]	INFO	jenkins.InitReactorRunner$1#onAttained: Listed all plugins
2021-12-20 11:39:42.863+0000 [id=49]	INFO	jenkins.InitReactorRunner$1#onAttained: Prepared all plugins
2021-12-20 11:39:42.907+0000 [id=50]	INFO	jenkins.InitReactorRunner$1#onAttained: Started all plugins
2021-12-20 11:39:42.916+0000 [id=35]	INFO	jenkins.InitReactorRunner$1#onAttained: Augmented all extensions
WARNING: An illegal reflective access operation has occurred
WARNING: Illegal reflective access by org.codehaus.groovy.reflection.CachedClass (file:/root/.jenkins/war/WEB-INF/lib/groovy-all-2.4.12.jar) to method java.lang.Object.finalize()
WARNING: Please consider reporting this to the maintainers of org.codehaus.groovy.reflection.CachedClass
WARNING: Use --illegal-access=warn to enable warnings of further illegal reflective access operations
WARNING: All illegal access operations will be denied in a future release
2021-12-20 11:39:44.641+0000 [id=47]	INFO	jenkins.InitReactorRunner$1#onAttained: System config loaded
2021-12-20 11:39:44.642+0000 [id=44]	INFO	jenkins.InitReactorRunner$1#onAttained: System config adapted
2021-12-20 11:39:44.753+0000 [id=37]	INFO	jenkins.InitReactorRunner$1#onAttained: Loaded all jobs
2021-12-20 11:39:44.757+0000 [id=30]	INFO	jenkins.InitReactorRunner$1#onAttained: Configuration for all jobs updated
2021-12-20 11:39:44.799+0000 [id=72]	INFO	hudson.model.AsyncPeriodicWork#lambda$doRun$1: Started Download metadata
2021-12-20 11:39:44.805+0000 [id=72]	INFO	hudson.model.AsyncPeriodicWork#lambda$doRun$1: Finished Download metadata. 4 ms
2021-12-20 11:39:45.120+0000 [id=48]	INFO	jenkins.InitReactorRunner$1#onAttained: Completed initialization
2021-12-20 11:39:45.213+0000 [id=24]	INFO	hudson.WebAppMain$3#run: Jenkins is fully up and running
2021-12-20 11:42:31.964+0000 [id=93]	INFO	hudson.model.AsyncPeriodicWork#lambda$doRun$1: Started Periodic background build discarder
2021-12-20 11:42:31.976+0000 [id=93]	INFO	hudson.model.AsyncPeriodicWork#lambda$doRun$1: Finished Periodic background build discarder. 10 ms
2021-12-20 12:42:31.963+0000 [id=120]	INFO	hudson.model.AsyncPeriodicWork#lambda$doRun$1: Started Periodic background build discarder
2021-12-20 12:42:31.965+0000 [id=120]	INFO	hudson.model.AsyncPeriodicWork#lambda$doRun$1: Finished Periodic background build discarder. 1 ms
2021-12-20 13:42:31.964+0000 [id=220]	INFO	hudson.model.AsyncPeriodicWork#lambda$doRun$1: Started Periodic background build discarder
2021-12-20 13:42:31.965+0000 [id=220]	INFO	hudson.model.AsyncPeriodicWork#lambda$doRun$1: Finished Periodic background build discarder. 1 ms
2021-12-20 16:13:36.455+0000 [id=271]	INFO	hudson.model.AsyncPeriodicWork#lambda$doRun$1: Started Periodic background build discarder
2021-12-20 16:13:36.592+0000 [id=271]	INFO	hudson.model.AsyncPeriodicWork#lambda$doRun$1: Finished Periodic background build discarder. 28 ms
2021-12-20 17:13:36.455+0000 [id=328]	INFO	hudson.model.AsyncPeriodicWork#lambda$doRun$1: Started Periodic background build discarder
2021-12-20 17:13:36.457+0000 [id=328]	INFO	hudson.model.AsyncPeriodicWork#lambda$doRun$1: Finished Periodic background build discarder. 1 ms
2021-12-20 18:13:36.455+0000 [id=382]	INFO	hudson.model.AsyncPeriodicWork#lambda$doRun$1: Started Periodic background build discarder
2021-12-20 18:13:36.456+0000 [id=382]	INFO	hudson.model.AsyncPeriodicWork#lambda$doRun$1: Finished Periodic background build discarder. 1 ms
2021-12-20 19:13:36.454+0000 [id=495]	INFO	hudson.model.AsyncPeriodicWork#lambda$doRun$1: Started Periodic background build discarder
2021-12-20 19:13:36.578+0000 [id=495]	INFO	hudson.model.AsyncPeriodicWork#lambda$doRun$1: Finished Periodic background build discarder. 101 ms
2021-12-20 20:13:36.454+0000 [id=633]	INFO	hudson.model.AsyncPeriodicWork#lambda$doRun$1: Started Periodic background build discarder
2021-12-20 20:13:36.556+0000 [id=633]	INFO	hudson.model.AsyncPeriodicWork#lambda$doRun$1: Finished Periodic background build discarder. 11 ms
2021-12-20 20:38:05.395+0000 [id=634]	INFO	hudson.model.AsyncPeriodicWork#lambda$doRun$1: Started telemetry collection
2021-12-20 20:38:07.913+0000 [id=634]	INFO	hudson.model.AsyncPeriodicWork#lambda$doRun$1: Finished telemetry collection. 2,516 ms
